<?xml version="1.0" encoding="UTF-8"?>
<testng-results ignored="0" total="1" passed="1" failed="0" skipped="0">
  <reporter-output>
    <line>
      <![CDATA[Opening Myntra in Browser ]]>
    </line>
  </reporter-output>
  <suite started-at="2023-08-26T14:35:54 IST" name="Default suite" finished-at="2023-08-26T14:36:32 IST" duration-ms="37741">
    <groups>
    </groups>
    <test started-at="2023-08-26T14:35:54 IST" name="Default test" finished-at="2023-08-26T14:36:32 IST" duration-ms="37741">
      <class name="E_Commerce.myntra">
        <test-method signature="myntratest()[pri:0, instance:E_Commerce.myntra@79da8dc5]" started-at="2023-08-26T14:35:54 IST" name="myntratest" finished-at="2023-08-26T14:36:32 IST" duration-ms="37627" status="PASS">
          <reporter-output>
            <line>
              <![CDATA[Opening Myntra in Browser ]]>
            </line>
          </reporter-output>
        </test-method> <!-- myntratest -->
      </class> <!-- E_Commerce.myntra -->
    </test> <!-- Default test -->
  </suite> <!-- Default suite -->
</testng-results>
